This file contains any messages produced by compilers while
running configure, to aid debugging if configure makes a mistake.

It was created by Splint configure 3.1.2, which was
generated by GNU Autoconf 2.59.  Invocation command line was

  $ ./configure --prefix=/usr/local/splint

## --------- ##
## Platform. ##
## --------- ##

hostname = mqq-virtual-machine
uname -m = x86_64
uname -r = 5.13.0-52-generic
uname -s = Linux
uname -v = #59~20.04.1-Ubuntu SMP Thu Jun 16 21:21:28 UTC 2022

/usr/bin/uname -p = x86_64
/bin/uname -X     = unknown

/bin/arch              = x86_64
/usr/bin/arch -k       = unknown
/usr/convex/getsysinfo = unknown
hostinfo               = unknown
/bin/machine           = unknown
/usr/bin/oslevel       = unknown
/bin/universe          = unknown

PATH: /usr/local/sbin
PATH: /usr/local/bin
PATH: /usr/sbin
PATH: /usr/bin
PATH: /sbin
PATH: /bin
PATH: /snap/bin


## ----------- ##
## Core tests. ##
## ----------- ##

configure:1319: checking build system type
configure:1337: result: x86_64-unknown-linux-gnu
configure:1345: checking host system type
configure:1359: result: x86_64-unknown-linux-gnu
configure:1367: checking target system type
configure:1381: result: x86_64-unknown-linux-gnu
configure:1410: checking for a BSD-compatible install
configure:1465: result: /usr/bin/install -c
configure:1476: checking whether build environment is sane
configure:1519: result: yes
configure:1552: checking for gawk
configure:1581: result: no
configure:1552: checking for mawk
configure:1568: found /usr/bin/mawk
configure:1578: result: mawk
configure:1588: checking whether make sets $(MAKE)
configure:1608: result: yes
configure:1804: checking for gcc
configure:1820: found /usr/bin/gcc
configure:1830: result: gcc
configure:2074: checking for C compiler version
configure:2077: gcc --version </dev/null >&5
gcc (Ubuntu 9.4.0-1ubuntu1~20.04.1) 9.4.0
Copyright (C) 2019 Free Software Foundation, Inc.
This is free software; see the source for copying conditions.  There is NO
warranty; not even for MERCHANTABILITY or FITNESS FOR A PARTICULAR PURPOSE.

configure:2080: $? = 0
configure:2082: gcc -v </dev/null >&5
Using built-in specs.
COLLECT_GCC=gcc
COLLECT_LTO_WRAPPER=/usr/lib/gcc/x86_64-linux-gnu/9/lto-wrapper
OFFLOAD_TARGET_NAMES=nvptx-none:hsa
OFFLOAD_TARGET_DEFAULT=1
Target: x86_64-linux-gnu
Configured with: ../src/configure -v --with-pkgversion='Ubuntu 9.4.0-1ubuntu1~20.04.1' --with-bugurl=file:///usr/share/doc/gcc-9/README.Bugs --enable-languages=c,ada,c++,go,brig,d,fortran,objc,obj-c++,gm2 --prefix=/usr --with-gcc-major-version-only --program-suffix=-9 --program-prefix=x86_64-linux-gnu- --enable-shared --enable-linker-build-id --libexecdir=/usr/lib --without-included-gettext --enable-threads=posix --libdir=/usr/lib --enable-nls --enable-clocale=gnu --enable-libstdcxx-debug --enable-libstdcxx-time=yes --with-default-libstdcxx-abi=new --enable-gnu-unique-object --disable-vtable-verify --enable-plugin --enable-default-pie --with-system-zlib --with-target-system-zlib=auto --enable-objc-gc=auto --enable-multiarch --disable-werror --with-arch-32=i686 --with-abi=m64 --with-multilib-list=m32,m64,mx32 --enable-multilib --with-tune=generic --enable-offload-targets=nvptx-none=/build/gcc-9-Av3uEd/gcc-9-9.4.0/debian/tmp-nvptx/usr,hsa --without-cuda-driver --enable-checking=release --build=x86_64-linux-gnu --host=x86_64-linux-gnu --target=x86_64-linux-gnu
Thread model: posix
gcc version 9.4.0 (Ubuntu 9.4.0-1ubuntu1~20.04.1) 
configure:2085: $? = 0
configure:2087: gcc -V </dev/null >&5
gcc: error: unrecognized command line option '-V'
gcc: fatal error: no input files
compilation terminated.
configure:2090: $? = 1
configure:2113: checking for C compiler default output file name
configure:2116: gcc    conftest.c  >&5
configure:2119: $? = 0
configure:2165: result: a.out
configure:2170: checking whether the C compiler works
configure:2176: ./a.out
configure:2179: $? = 0
configure:2196: result: yes
configure:2203: checking whether we are cross compiling
configure:2205: result: no
configure:2208: checking for suffix of executables
configure:2210: gcc -o conftest    conftest.c  >&5
configure:2213: $? = 0
configure:2238: result: 
configure:2244: checking for suffix of object files
configure:2265: gcc -c   conftest.c >&5
configure:2268: $? = 0
configure:2290: result: o
configure:2294: checking whether we are using the GNU C compiler
configure:2318: gcc -c   conftest.c >&5
configure:2324: $? = 0
configure:2328: test -z 
			 || test ! -s conftest.err
configure:2331: $? = 0
configure:2334: test -s conftest.o
configure:2337: $? = 0
configure:2350: result: yes
configure:2356: checking whether gcc accepts -g
configure:2377: gcc -c -g  conftest.c >&5
configure:2383: $? = 0
configure:2387: test -z 
			 || test ! -s conftest.err
configure:2390: $? = 0
configure:2393: test -s conftest.o
configure:2396: $? = 0
configure:2407: result: yes
configure:2424: checking for gcc option to accept ANSI C
configure:2494: gcc  -c -g -O2  conftest.c >&5
configure:2500: $? = 0
configure:2504: test -z 
			 || test ! -s conftest.err
configure:2507: $? = 0
configure:2510: test -s conftest.o
configure:2513: $? = 0
configure:2531: result: none needed
configure:2549: gcc -c -g -O2  conftest.c >&5
conftest.c:2:3: error: unknown type name 'choke'
    2 |   choke me
      |   ^~~~~
conftest.c:2:3: error: expected '=', ',', ';', 'asm' or '__attribute__' at end of input
configure:2555: $? = 1
configure: failed program was:
| #ifndef __cplusplus
|   choke me
| #endif
configure:2707: checking for style of include used by make
configure:2735: result: GNU
configure:2763: checking dependency style of gcc
configure:2825: result: gcc3
configure:2835: checking how to run the C preprocessor
configure:2870: gcc -E  conftest.c
configure:2876: $? = 0
configure:2908: gcc -E  conftest.c
conftest.c:9:10: fatal error: ac_nonexistent.h: No such file or directory
    9 | #include <ac_nonexistent.h>
      |          ^~~~~~~~~~~~~~~~~~
compilation terminated.
configure:2914: $? = 1
configure: failed program was:
| /* confdefs.h.  */
| 
| #define PACKAGE_NAME "Splint"
| #define PACKAGE_TARNAME "splint"
| #define PACKAGE_VERSION "3.1.2"
| #define PACKAGE_STRING "Splint 3.1.2"
| #define PACKAGE_BUGREPORT "splint-bug@splint.org"
| /* end confdefs.h.  */
| #include <ac_nonexistent.h>
configure:2953: result: gcc -E
configure:2977: gcc -E  conftest.c
configure:2983: $? = 0
configure:3015: gcc -E  conftest.c
conftest.c:9:10: fatal error: ac_nonexistent.h: No such file or directory
    9 | #include <ac_nonexistent.h>
      |          ^~~~~~~~~~~~~~~~~~
compilation terminated.
configure:3021: $? = 1
configure: failed program was:
| /* confdefs.h.  */
| 
| #define PACKAGE_NAME "Splint"
| #define PACKAGE_TARNAME "splint"
| #define PACKAGE_VERSION "3.1.2"
| #define PACKAGE_STRING "Splint 3.1.2"
| #define PACKAGE_BUGREPORT "splint-bug@splint.org"
| /* end confdefs.h.  */
| #include <ac_nonexistent.h>
configure:3069: checking for flex
configure:3098: result: no
configure:3069: checking for lex
configure:3098: result: no
configure:3108: checking for yywrap in -lfl
configure:3138: gcc -o conftest -g -O2   conftest.c -lfl   >&5
/usr/bin/ld: cannot find -lfl
collect2: error: ld returned 1 exit status
configure:3144: $? = 1
configure: failed program was:
| /* confdefs.h.  */
| 
| #define PACKAGE_NAME "Splint"
| #define PACKAGE_TARNAME "splint"
| #define PACKAGE_VERSION "3.1.2"
| #define PACKAGE_STRING "Splint 3.1.2"
| #define PACKAGE_BUGREPORT "splint-bug@splint.org"
| /* end confdefs.h.  */
| 
| /* Override any gcc2 internal prototype to avoid an error.  */
| #ifdef __cplusplus
| extern "C"
| #endif
| /* We use char because int might match the return type of a gcc2
|    builtin and then its argument prototype would still apply.  */
| char yywrap ();
| int
| main ()
| {
| yywrap ();
|   ;
|   return 0;
| }
configure:3170: result: no
configure:3175: checking for yywrap in -ll
configure:3205: gcc -o conftest -g -O2   conftest.c -ll   >&5
/usr/bin/ld: cannot find -ll
collect2: error: ld returned 1 exit status
configure:3211: $? = 1
configure: failed program was:
| /* confdefs.h.  */
| 
| #define PACKAGE_NAME "Splint"
| #define PACKAGE_TARNAME "splint"
| #define PACKAGE_VERSION "3.1.2"
| #define PACKAGE_STRING "Splint 3.1.2"
| #define PACKAGE_BUGREPORT "splint-bug@splint.org"
| /* end confdefs.h.  */
| 
| /* Override any gcc2 internal prototype to avoid an error.  */
| #ifdef __cplusplus
| extern "C"
| #endif
| /* We use char because int might match the return type of a gcc2
|    builtin and then its argument prototype would still apply.  */
| char yywrap ();
| int
| main ()
| {
| yywrap ();
|   ;
|   return 0;
| }
configure:3237: result: no
configure:3355: checking for a BSD-compatible install
configure:3410: result: /usr/bin/install -c
configure:3421: checking whether make sets $(MAKE)
configure:3441: result: yes
configure:3450: checking whether ln -s works
configure:3454: result: yes
configure:3463: checking for bison
configure:3490: result: no
configure:3499: checking for grep
configure:3515: found /usr/bin/grep
configure:3526: result: grep
configure:3535: checking for diff
configure:3551: found /usr/bin/diff
configure:3562: result: diff
configure:3571: checking for cat
configure:3587: found /usr/bin/cat
configure:3598: result: cat
configure:3607: checking for rm
configure:3623: found /usr/bin/rm
configure:3634: result: rm
configure:3643: checking for mv
configure:3659: found /usr/bin/mv
configure:3670: result: mv
configure:3679: checking for cp
configure:3695: found /usr/bin/cp
configure:3706: result: cp
configure:3715: checking for sed
configure:3731: found /usr/bin/sed
configure:3742: result: sed
configure:3754: checking whether we need _ALL_SOURCE to expose mode_t
configure:3776: gcc -c -g -O2  conftest.c >&5
conftest.c:11:1: error: unknown type name 'mode_t'
   11 | mode_t x;
      | ^~~~~~
configure:3782: $? = 1
configure: failed program was:
| /* confdefs.h.  */
| 
| #define PACKAGE_NAME "Splint"
| #define PACKAGE_TARNAME "splint"
| #define PACKAGE_VERSION "3.1.2"
| #define PACKAGE_STRING "Splint 3.1.2"
| #define PACKAGE_BUGREPORT "splint-bug@splint.org"
| /* end confdefs.h.  */
| 
| #include <stdio.h>
| mode_t x;
| 
| int
| main ()
| {
| 
|   ;
|   return 0;
| }
configure:3826: gcc -c -g -O2  conftest.c >&5
conftest.c:12:1: error: unknown type name 'mode_t'
   12 | mode_t x;
      | ^~~~~~
configure:3832: $? = 1
configure: failed program was:
| /* confdefs.h.  */
| 
| #define PACKAGE_NAME "Splint"
| #define PACKAGE_TARNAME "splint"
| #define PACKAGE_VERSION "3.1.2"
| #define PACKAGE_STRING "Splint 3.1.2"
| #define PACKAGE_BUGREPORT "splint-bug@splint.org"
| /* end confdefs.h.  */
| 
| #define _ALL_SOURCE
| #include <stdio.h>
| mode_t x;
| 
| int
| main ()
| {
| 
|   ;
|   return 0;
| }
configure:3859: result: no
configure:3871: checking whether to include support for LCL files
configure:3878: result: yes
configure:4167: creating ./config.status

## ---------------------- ##
## Running config.status. ##
## ---------------------- ##

This file was extended by Splint config.status 3.1.2, which was
generated by GNU Autoconf 2.59.  Invocation command line was

  CONFIG_FILES    = 
  CONFIG_HEADERS  = 
  CONFIG_LINKS    = 
  CONFIG_COMMANDS = 
  $ ./config.status 

on mqq-virtual-machine

config.status:698: creating Makefile
config.status:698: creating imports/Makefile
config.status:698: creating lib/Makefile
config.status:698: creating src/Makefile
config.status:698: creating test/Makefile
config.status:698: creating doc/Makefile
config.status:698: creating bin/Makefile
config.status:802: creating config.h
config.status:1098: executing depfiles commands

## ---------------- ##
## Cache variables. ##
## ---------------- ##

ac_cv_build=x86_64-unknown-linux-gnu
ac_cv_build_alias=x86_64-unknown-linux-gnu
ac_cv_c_compiler_gnu=yes
ac_cv_env_CC_set=
ac_cv_env_CC_value=
ac_cv_env_CFLAGS_set=
ac_cv_env_CFLAGS_value=
ac_cv_env_CPPFLAGS_set=
ac_cv_env_CPPFLAGS_value=
ac_cv_env_CPP_set=
ac_cv_env_CPP_value=
ac_cv_env_LDFLAGS_set=
ac_cv_env_LDFLAGS_value=
ac_cv_env_build_alias_set=
ac_cv_env_build_alias_value=
ac_cv_env_host_alias_set=
ac_cv_env_host_alias_value=
ac_cv_env_target_alias_set=
ac_cv_env_target_alias_value=
ac_cv_exeext=
ac_cv_host=x86_64-unknown-linux-gnu
ac_cv_host_alias=x86_64-unknown-linux-gnu
ac_cv_lib_fl_yywrap=no
ac_cv_lib_l_yywrap=no
ac_cv_objext=o
ac_cv_path_install='/usr/bin/install -c'
ac_cv_prog_AWK=mawk
ac_cv_prog_BISON=no
ac_cv_prog_CAT=cat
ac_cv_prog_CP=cp
ac_cv_prog_CPP='gcc -E'
ac_cv_prog_DIFF=diff
ac_cv_prog_GREP=grep
ac_cv_prog_MV=mv
ac_cv_prog_RM=rm
ac_cv_prog_SED=sed
ac_cv_prog_ac_ct_CC=gcc
ac_cv_prog_cc_g=yes
ac_cv_prog_cc_stdc=
ac_cv_prog_make_make_set=yes
ac_cv_target=x86_64-unknown-linux-gnu
ac_cv_target_alias=x86_64-unknown-linux-gnu
ac_cv_use_lcl=yes
am_cv_CC_dependencies_compiler_type=gcc3

## ----------------- ##
## Output variables. ##
## ----------------- ##

ACLOCAL='${SHELL} /home/mqq/Desktop/complier/splint-3.1.2/config/missing --run aclocal-1.6'
AMDEPBACKSLASH='\'
AMDEP_FALSE='#'
AMDEP_TRUE=''
AMTAR='${SHELL} /home/mqq/Desktop/complier/splint-3.1.2/config/missing --run tar'
AUTOCONF='${SHELL} /home/mqq/Desktop/complier/splint-3.1.2/config/missing --run autoconf'
AUTOHEADER='${SHELL} /home/mqq/Desktop/complier/splint-3.1.2/config/missing --run autoheader'
AUTOMAKE='${SHELL} /home/mqq/Desktop/complier/splint-3.1.2/config/missing --run automake-1.6'
AWK='mawk'
BISON='no'
CAT='cat'
CC='gcc'
CCDEPMODE='depmode=gcc3'
CFLAGS='-g -O2'
CP='cp'
CPP='gcc -E'
CPPFLAGS=''
DEFS='-DHAVE_CONFIG_H'
DEPDIR='.deps'
DIFF='diff'
ECHO_C=''
ECHO_N='-n'
ECHO_T=''
EXEEXT=''
GREP='grep'
INSTALL_DATA='${INSTALL} -m 644'
INSTALL_PROGRAM='${INSTALL}'
INSTALL_SCRIPT='${INSTALL}'
INSTALL_STRIP_PROGRAM='${SHELL} $(install_sh) -c -s'
LCLOBJ='$(lcl_OBJECTS)'
LDFLAGS=''
LEX='${SHELL} /home/mqq/Desktop/complier/splint-3.1.2/config/missing --run flex'
LEXLIB=''
LEX_OUTPUT_ROOT=''
LIBOBJS=''
LIBS=''
LN_S='ln -s'
LTLIBOBJS=''
MAKEINFO='${SHELL} /home/mqq/Desktop/complier/splint-3.1.2/config/missing --run makeinfo'
MV='mv'
OBJEXT='o'
PACKAGE='splint'
PACKAGE_BUGREPORT='splint-bug@splint.org'
PACKAGE_NAME='Splint'
PACKAGE_STRING='Splint 3.1.2'
PACKAGE_TARNAME='splint'
PACKAGE_VERSION='3.1.2'
PATH_SEPARATOR=':'
RM='rm'
SED='sed'
SET_MAKE=''
SHELL='/bin/bash'
STRIP=''
VERSION='3.1.2'
ac_ct_CC='gcc'
ac_ct_STRIP=''
am__include='include'
am__quote=''
bindir='${exec_prefix}/bin'
build='x86_64-unknown-linux-gnu'
build_alias=''
build_cpu='x86_64'
build_os='linux-gnu'
build_vendor='unknown'
datadir='${prefix}/share'
exec_prefix='${prefix}'
host='x86_64-unknown-linux-gnu'
host_alias=''
host_cpu='x86_64'
host_os='linux-gnu'
host_vendor='unknown'
includedir='${prefix}/include'
infodir='${prefix}/info'
install_sh='/home/mqq/Desktop/complier/splint-3.1.2/config/install-sh'
libdir='${exec_prefix}/lib'
libexecdir='${exec_prefix}/libexec'
localstatedir='${prefix}/var'
mandir='${prefix}/man'
oldincludedir='/usr/include'
prefix='/usr/local/splint'
program_transform_name='s,x,x,'
sbindir='${exec_prefix}/sbin'
sharedstatedir='${prefix}/com'
sysconfdir='${prefix}/etc'
target='x86_64-unknown-linux-gnu'
target_alias=''
target_cpu='x86_64'
target_os='linux-gnu'
target_vendor='unknown'

## ----------- ##
## confdefs.h. ##
## ----------- ##

#define BUILD "x86_64-unknown-linux-gnu"
#define BUILD_ALIAS ""
#define BUILD_CPU "x86_64"
#define BUILD_OS "linux-gnu"
#define BUILD_VENDOR "unknown"
#define DEFAULT_LARCHPATH ".:/usr/local/splint/share/splint/lib:/home/mqq/Desktop/complier/splint-3.1.2/lib:"
#define DEFAULT_LCLIMPORTDIR ".:/usr/local/splint/share/splint/imports:/home/mqq/Desktop/complier/splint-3.1.2/imports"
#define GCC_INCLUDE_DIR "/usr/include"
#define GCC_INCLUDE_DIR2 "/usr/local/splint/include"
#define HOST "x86_64-unknown-linux-gnu"
#define HOST_ALIAS ""
#define HOST_CPU "x86_64"
#define HOST_OS "linux-gnu"
#define HOST_VENDOR "unknown"
#define LCL_COMPILE "Compiled using gcc -g -O2 on Linux mqq-virtual-machine 5.13.0-52-generic #59~20.04.1-Ubuntu SMP Thu Jun 16 21:21:28 UTC 2022 x86_64 x86_64 x86_64 GNU/Linux by root"
#define LCL_PARSE_VERSION "Splint 3.1.2"
#define PACKAGE_BUGREPORT "splint-bug@splint.org"
#define PACKAGE_NAME "Splint"
#define PACKAGE_STRING "Splint 3.1.2"
#define PACKAGE_TARNAME "splint"
#define PACKAGE_VERSION "3.1.2"
#define SPLINT_VERSION "Splint 3.1.2 --- 18 Sep 2022"
#define SYSTEM_LIBDIR "/usr/local/splint/include"
#define TARGET "x86_64-unknown-linux-gnu"
#define TARGET_ALIAS ""
#define TARGET_CPU "x86_64"
#define TARGET_OS "linux-gnu"
#define TARGET_VENDOR "unknown"
#define UNAME "Linux"
#define UNIX 1

configure: exit 0
